D:/durgas/travel_tour/travelapp
analysis_options.yaml
android\app\build.gradle.kts
android\app\src\debug\AndroidManifest.xml
android\app\src\main\AndroidManifest.xml
android\app\src\main\java\io\flutter\plugins
android\app\src\main\kotlin\com\durgas\travelapp\MainActivity.kt
android\app\src\main\res\drawable\launch_background.xml
android\app\src\main\res\drawable-v21\launch_background.xml
android\app\src\main\res\mipmap-hdpi\ic_launcher.png
android\app\src\main\res\mipmap-hdpi\launcher_icon.png
android\app\src\main\res\mipmap-mdpi\ic_launcher.png
android\app\src\main\res\mipmap-mdpi\launcher_icon.png
android\app\src\main\res\mipmap-xhdpi\ic_launcher.png
android\app\src\main\res\mipmap-xhdpi\launcher_icon.png
android\app\src\main\res\mipmap-xxhdpi\ic_launcher.png
android\app\src\main\res\mipmap-xxhdpi\launcher_icon.png
android\app\src\main\res\mipmap-xxxhdpi\ic_launcher.png
android\app\src\main\res\mipmap-xxxhdpi\launcher_icon.png
android\app\src\main\res\values\strings.xml
android\app\src\main\res\values\styles.xml
android\app\src\main\res\values-night\styles.xml
android\app\src\profile\AndroidManifest.xml
android\build.gradle.kts
android\gradle\wrapper\gradle-wrapper.properties
android\gradle.properties
android\local.properties
android\settings.gradle.kts
assets\animations\loading.json
assets\animations\services.json
assets\animations\welcome.json
assets\fonts\SourGummy-Black.ttf
assets\fonts\SourGummy-BlackItalic.ttf
assets\fonts\SourGummy-Bold.ttf
assets\fonts\SourGummy-BoldItalic.ttf
assets\fonts\SourGummy-ExtraBold.ttf
assets\fonts\SourGummy-ExtraBoldItalic.ttf
assets\fonts\SourGummy-ExtraLight.ttf
assets\fonts\SourGummy-ExtraLightItalic.ttf
assets\fonts\SourGummy-Italic.ttf
assets\fonts\SourGummy-Light.ttf
assets\fonts\SourGummy-LightItalic.ttf
assets\fonts\SourGummy-Medium.ttf
assets\fonts\SourGummy-MediumItalic.ttf
assets\fonts\SourGummy-Regular.ttf
assets\fonts\SourGummy-SemiBold.ttf
assets\fonts\SourGummy-SemiBoldItalic.ttf
assets\fonts\SourGummy-Thin.ttf
assets\fonts\SourGummy-ThinItalic.ttf
assets\fonts\SourGummy_Expanded-Black.ttf
assets\fonts\SourGummy_Expanded-BlackItalic.ttf
assets\fonts\SourGummy_Expanded-Bold.ttf
assets\fonts\SourGummy_Expanded-BoldItalic.ttf
assets\fonts\SourGummy_Expanded-ExtraBold.ttf
assets\fonts\SourGummy_Expanded-ExtraBoldItalic.ttf
assets\fonts\SourGummy_Expanded-ExtraLight.ttf
assets\fonts\SourGummy_Expanded-ExtraLightItalic.ttf
assets\fonts\SourGummy_Expanded-Italic.ttf
assets\fonts\SourGummy_Expanded-Light.ttf
assets\fonts\SourGummy_Expanded-LightItalic.ttf
assets\fonts\SourGummy_Expanded-Medium.ttf
assets\fonts\SourGummy_Expanded-MediumItalic.ttf
assets\fonts\SourGummy_Expanded-Regular.ttf
assets\fonts\SourGummy_Expanded-SemiBold.ttf
assets\fonts\SourGummy_Expanded-SemiBoldItalic.ttf
assets\fonts\SourGummy_Expanded-Thin.ttf
assets\fonts\SourGummy_Expanded-ThinItalic.ttf
assets\fonts\SourGummy_SemiExpanded-Black.ttf
assets\fonts\SourGummy_SemiExpanded-BlackItalic.ttf
assets\fonts\SourGummy_SemiExpanded-Bold.ttf
assets\fonts\SourGummy_SemiExpanded-BoldItalic.ttf
assets\fonts\SourGummy_SemiExpanded-ExtraBold.ttf
assets\fonts\SourGummy_SemiExpanded-ExtraBoldItalic.ttf
assets\fonts\SourGummy_SemiExpanded-ExtraLight.ttf
assets\fonts\SourGummy_SemiExpanded-ExtraLightItalic.ttf
assets\fonts\SourGummy_SemiExpanded-Italic.ttf
assets\fonts\SourGummy_SemiExpanded-Light.ttf
assets\fonts\SourGummy_SemiExpanded-LightItalic.ttf
assets\fonts\SourGummy_SemiExpanded-Medium.ttf
assets\fonts\SourGummy_SemiExpanded-MediumItalic.ttf
assets\fonts\SourGummy_SemiExpanded-Regular.ttf
assets\fonts\SourGummy_SemiExpanded-SemiBold.ttf
assets\fonts\SourGummy_SemiExpanded-SemiBoldItalic.ttf
assets\fonts\SourGummy_SemiExpanded-Thin.ttf
assets\fonts\SourGummy_SemiExpanded-ThinItalic.ttf
assets\icon\icon.png
assets\icon\prbal.svg
assets\icon\prbal.ttf
assets\icon\selection.json
assets\images\image_not_found.png
assets\images\img_.svg
assets\images\img_252a6624a42c117.png
assets\images\img_32badb63498577.png
assets\images\img_7f47f9144194941.png
assets\images\img_afbea499038243.png
assets\images\img_arrowleft.svg
assets\images\img_arrowleft_44x44.svg
assets\images\img_arrowright.svg
assets\images\img_arrowup.svg
assets\images\img_bookmark.svg
assets\images\img_bookmark_44x44.svg
assets\images\img_bookmark_white_a700.png
assets\images\img_calendar.svg
assets\images\img_calendar_24x24.svg
assets\images\img_call.svg
assets\images\img_checkmark.svg
assets\images\img_checkmark_1.svg
assets\images\img_checkmark_14x14.svg
assets\images\img_checkmark_7x10.svg
assets\images\img_checkmark_9x12.svg
assets\images\img_checkmark_9x16.svg
assets\images\img_clock.svg
assets\images\img_cut.svg
assets\images\img_edit.svg
assets\images\img_edit_24x24.svg
assets\images\img_ellipse21.png
assets\images\img_ellipse21_24x24.png
assets\images\img_ellipse23.png
assets\images\img_ellipse23_24x24.png
assets\images\img_ellipse25.png
assets\images\img_ellipse25_24x24.png
assets\images\img_ellipse897.png
assets\images\img_ellipse897_1.png
assets\images\img_ellipse897_2.png
assets\images\img_ellipse897_3.png
assets\images\img_ellipse897_4.png
assets\images\img_ellipse897_48x48.png
assets\images\img_ellipse897_5.png
assets\images\img_ellipse899.png
assets\images\img_ellipse901.png
assets\images\img_ellipse901_55x55.png
assets\images\img_ellipse903.png
assets\images\img_eye.svg
assets\images\img_eyeicon.svg
assets\images\img_favorite.svg
assets\images\img_file.svg
assets\images\img_file_1.svg
assets\images\img_file_96x96.svg
assets\images\img_group335.png
assets\images\img_group67.svg
assets\images\img_home.svg
assets\images\img_lightbulb.svg
assets\images\img_link.svg
assets\images\img_location.svg
assets\images\img_location_24x24.svg
assets\images\img_maximize.svg
assets\images\img_microphone.svg
assets\images\img_overflowmenu.svg
assets\images\img_rectangle14.svg
assets\images\img_rectangle15.svg
assets\images\img_rectangle27.png
assets\images\img_rectangle29.png
assets\images\img_rectangle29_1.png
assets\images\img_rectangle29_80x80.png
assets\images\img_rectangle34.png
assets\images\img_rectangle818.png
assets\images\img_rectangle821.svg
assets\images\img_rectangle822.png
assets\images\img_rectangle823.png
assets\images\img_rectangle824.png
assets\images\img_rectangle825.png
assets\images\img_rectangle826.png
assets\images\img_rectangle830.png
assets\images\img_rectangle831.png
assets\images\img_rectangle833.png
assets\images\img_rectangle838.png
assets\images\img_rectangle838_1.png
assets\images\img_rectangle838_124x137.png
assets\images\img_rectangle838_2.png
assets\images\img_rectangle838_3.png
assets\images\img_rectangle839.svg
assets\images\img_rectangle839_124x137.png
assets\images\img_rectangle843.png
assets\images\img_rectangle843_1.png
assets\images\img_rectangle843_116x95.png
assets\images\img_rectangle843_2.png
assets\images\img_rectangle845.svg
assets\images\img_reply.svg
assets\images\img_search.svg
assets\images\img_search_bluegray_400.svg
assets\images\img_settings.svg
assets\images\img_signal.svg
assets\images\img_signal_24x40.svg
assets\images\img_star.svg
assets\images\img_star_yellow_600.png
assets\images\img_ticket.svg
assets\images\img_trash.svg
assets\images\img_user.svg
assets\images\img_user_1.svg
assets\images\img_user_2.svg
assets\images\img_user_24x24.svg
assets\images\img_vector2524.svg
assets\intro\budget.json
assets\intro\destination.json
assets\intro\partrar.json
assets\intro\priorities.json
assets\intro\safety.json
assets\intro\time.json
assets\intro\Travel.json
assets\logo\logo.png
assets\logo\logo_dark.png
assets\logo\user.png
devtools_options.yaml
docs\views.json
lib\core\apiClient\api_client.dart
lib\core\app_export.dart
lib\core\constants\constants.dart
lib\core\controllers
lib\core\errors\exceptions.dart
lib\core\errors\failures.dart
lib\core\icons\icon_constants.dart
lib\core\icons\prbal_icons.dart
lib\core\localization\app_localization.dart
lib\core\localization\as_in\as_in_translations.dart
lib\core\localization\bn_in\bn_in_translations.dart
lib\core\localization\brx_in\brx_in_translations.dart
lib\core\localization\doi_in\doi_in_translations.dart
lib\core\localization\en_us\en_us_translations.dart
lib\core\localization\gu_in\gu_in_translations.dart
lib\core\localization\hi_in\hi_in_translations.dart
lib\core\localization\kn_in\kn_in_translations.dart
lib\core\localization\kok_in\kok_in_translations.dart
lib\core\localization\ks_in\ks_in_translations.dart
lib\core\localization\language_utils.dart
lib\core\localization\mai_in\mai_in_translations.dart
lib\core\localization\ml_in\ml_in_translations.dart
lib\core\localization\mni_in\mni_in_translations.dart
lib\core\localization\mr_in\mr_in_translations.dart
lib\core\localization\ne_in\ne_in_translations.dart
lib\core\localization\or_in\or_in_translations.dart
lib\core\localization\pa_in\pa_in_translations.dart
lib\core\localization\sat_in\sat_in_translations.dart
lib\core\localization\sa_in\sa_in_translations.dart
lib\core\localization\sd_in\sd_in_translations.dart
lib\core\localization\ta_in\ta_in_translations.dart
lib\core\localization\te_in\te_in_translations.dart
lib\core\localization\ur_in\ur_in_translations.dart
lib\core\models\selectionPopupModel\selection_popup_model.dart
lib\core\network\network_info.dart
lib\core\routes\app_routes.dart
lib\core\services\debug_logger.dart
lib\core\theme\app_decoration.dart
lib\core\theme\app_style.dart
lib\core\theme\theme_manager.dart
lib\core\utils\color_constant.dart
lib\core\utils\date_time_utils.dart
lib\core\utils\image_constant.dart
lib\core\utils\initial_bindings.dart
lib\core\utils\logger.dart
lib\core\utils\pref_utils.dart
lib\core\utils\progress_dialog_utils.dart
lib\core\utils\size_utils.dart
lib\core\utils\validation_functions.dart
lib\core\widgets\app_bar\appbar_iconbutton.dart
lib\core\widgets\app_bar\appbar_iconbutton_1.dart
lib\core\widgets\app_bar\appbar_subtitle.dart
lib\core\widgets\app_bar\appbar_subtitle_1.dart
lib\core\widgets\app_bar\appbar_title.dart
lib\core\widgets\app_bar\custom_app_bar.dart
lib\core\widgets\common_image_view.dart
lib\core\widgets\custom_bottom_navigation_bar.dart
lib\core\widgets\custom_button.dart
lib\core\widgets\custom_floating_button.dart
lib\core\widgets\custom_icon_button.dart
lib\core\widgets\custom_radio_button.dart
lib\core\widgets\custom_search_view.dart
lib\core\widgets\custom_text_form_field.dart
lib\main.dart
lib\presentation\all_popular_trip_package_screen\bindings\all_popular_trip_package_binding.dart
lib\presentation\all_popular_trip_package_screen\controller\all_popular_trip_package_controller.dart
lib\presentation\all_popular_trip_package_screen\models\all_popular_trip_package_model.dart
lib\presentation\all_popular_trip_package_screen\models\listrectangle843_item_model.dart
lib\presentation\all_popular_trip_package_screen\utils
lib\presentation\all_popular_trip_package_screen\view\all_popular_trip_package_screen.dart
lib\presentation\all_popular_trip_package_screen\widgets\listrectangle843_item_widget.dart
lib\presentation\app_navigation_screen\bindings\app_navigation_binding.dart
lib\presentation\app_navigation_screen\controller\app_navigation_controller.dart
lib\presentation\app_navigation_screen\models\app_navigation_model.dart
lib\presentation\app_navigation_screen\utils
lib\presentation\app_navigation_screen\view\app_navigation_screen.dart
lib\presentation\app_navigation_screen\widgets
lib\presentation\booking\bindings\booking_binding.dart
lib\presentation\booking\controller\booking_controller.dart
lib\presentation\booking\models\booking_model.dart
lib\presentation\booking\utils
lib\presentation\booking\view\booking.dart
lib\presentation\booking\widgets
lib\presentation\chats_screen\bindings\chats_binding.dart
lib\presentation\chats_screen\controller\chats_controller.dart
lib\presentation\chats_screen\models\chats_model.dart
lib\presentation\chats_screen\utils
lib\presentation\chats_screen\view\chats_screen.dart
lib\presentation\chats_screen\widgets
lib\presentation\details_screen\bindings\details_binding.dart
lib\presentation\details_screen\controller\details_controller.dart
lib\presentation\details_screen\models\details_model.dart
lib\presentation\details_screen\utils
lib\presentation\details_screen\view\details_screen.dart
lib\presentation\details_screen\widgets
lib\presentation\edit_profile_screen\bindings\edit_profile_binding.dart
lib\presentation\edit_profile_screen\controller\edit_profile_controller.dart
lib\presentation\edit_profile_screen\models\edit_profile_model.dart
lib\presentation\edit_profile_screen\utils
lib\presentation\edit_profile_screen\view\edit_profile_screen.dart
lib\presentation\edit_profile_screen\widgets
lib\presentation\favorite_places_screen\bindings\favorite_places_binding.dart
lib\presentation\favorite_places_screen\controller\favorite_places_controller.dart
lib\presentation\favorite_places_screen\models\favorite_places_model.dart
lib\presentation\favorite_places_screen\models\gridrectangle838_item_model.dart
lib\presentation\favorite_places_screen\utils
lib\presentation\favorite_places_screen\view\favorite_places_screen.dart
lib\presentation\favorite_places_screen\widgets\gridrectangle838_item_widget.dart
lib\presentation\forgot_password_screen\bindings\forgot_password_binding.dart
lib\presentation\forgot_password_screen\controller\forgot_password_controller.dart
lib\presentation\forgot_password_screen\models\forgot_password_model.dart
lib\presentation\forgot_password_screen\utils
lib\presentation\forgot_password_screen\view\forgot_password_screen.dart
lib\presentation\forgot_password_screen\widgets
lib\presentation\home_screen\bindings\home_binding.dart
lib\presentation\home_screen\controller\home_controller.dart
lib\presentation\home_screen\models\home_item_model.dart
lib\presentation\home_screen\models\home_model.dart
lib\presentation\home_screen\utils
lib\presentation\home_screen\view\home_screen.dart
lib\presentation\home_screen\widgets\home_item_widget.dart
lib\presentation\introduction\bindings\introduction_binding.dart
lib\presentation\introduction\controller\introduction_controller.dart
lib\presentation\introduction\models\introduction_model.dart
lib\presentation\introduction\utils
lib\presentation\introduction\view\introduction.dart
lib\presentation\introduction\widgets\index.dart
lib\presentation\introduction\widgets\introduction_bottom_nav.dart
lib\presentation\introduction\widgets\introduction_step_content.dart
lib\presentation\introduction\widgets\introduction_step_factory.dart
lib\presentation\introduction\widgets\steps\budget_selection_widget.dart
lib\presentation\introduction\widgets\steps\destination_selection_widget.dart
lib\presentation\introduction\widgets\steps\partner_selection_widget.dart
lib\presentation\introduction\widgets\steps\priorities_widget.dart
lib\presentation\introduction\widgets\steps\safety_considerations_widget.dart
lib\presentation\introduction\widgets\steps\travel_plan_widget.dart
lib\presentation\introduction\widgets\steps\travel_time_widget.dart
lib\presentation\language\binding\language_binding.dart
lib\presentation\language\bindings
lib\presentation\language\controller\language_controller.dart
lib\presentation\language\models\language_model.dart
lib\presentation\language\routes
lib\presentation\language\utils
lib\presentation\language\view\language_screen.dart
lib\presentation\language\widgets
lib\presentation\messages_screen\bindings\messages_binding.dart
lib\presentation\messages_screen\controller\messages_controller.dart
lib\presentation\messages_screen\models\messages_item_model.dart
lib\presentation\messages_screen\models\messages_model.dart
lib\presentation\messages_screen\utils
lib\presentation\messages_screen\view\messages_screen.dart
lib\presentation\messages_screen\widgets\messages_item_widget.dart
lib\presentation\notification_screen\bindings\notification_binding.dart
lib\presentation\notification_screen\controller\notification_controller.dart
lib\presentation\notification_screen\models\notification_item_model.dart
lib\presentation\notification_screen\models\notification_model.dart
lib\presentation\notification_screen\utils
lib\presentation\notification_screen\view\notification_screen.dart
lib\presentation\notification_screen\widgets\notification_item_widget.dart
lib\presentation\popular_places_screen\bindings\popular_places_binding.dart
lib\presentation\popular_places_screen\controller\popular_places_controller.dart
lib\presentation\popular_places_screen\models\popular_places_item_model.dart
lib\presentation\popular_places_screen\models\popular_places_model.dart
lib\presentation\popular_places_screen\utils
lib\presentation\popular_places_screen\view\popular_places_screen.dart
lib\presentation\popular_places_screen\widgets\popular_places_item_widget.dart
lib\presentation\pop_up_dialog\bindings
lib\presentation\pop_up_dialog\controller\pop_up_controller.dart
lib\presentation\pop_up_dialog\models\pop_up_model.dart
lib\presentation\pop_up_dialog\utils
lib\presentation\pop_up_dialog\view\pop_up_dialog.dart
lib\presentation\pop_up_dialog\widgets
lib\presentation\profile_screen\bindings\profile_binding.dart
lib\presentation\profile_screen\controller\profile_controller.dart
lib\presentation\profile_screen\models\profile_model.dart
lib\presentation\profile_screen\utils
lib\presentation\profile_screen\view\profile_screen.dart
lib\presentation\profile_screen\widgets
lib\presentation\schedule_screen\bindings\schedule_binding.dart
lib\presentation\schedule_screen\controller\schedule_controller.dart
lib\presentation\schedule_screen\models\schedule_model.dart
lib\presentation\schedule_screen\utils
lib\presentation\schedule_screen\view\schedule_screen.dart
lib\presentation\schedule_screen\widgets
lib\presentation\search_screen\bindings\search_binding.dart
lib\presentation\search_screen\controller\search_controller.dart
lib\presentation\search_screen\models\search_item_model.dart
lib\presentation\search_screen\models\search_model.dart
lib\presentation\search_screen\utils
lib\presentation\search_screen\view\search_screen.dart
lib\presentation\search_screen\widgets\search_item_widget.dart
lib\presentation\sign_in_screen\bindings\sign_in_binding.dart
lib\presentation\sign_in_screen\controller\sign_in_controller.dart
lib\presentation\sign_in_screen\models\sign_in_model.dart
lib\presentation\sign_in_screen\utils
lib\presentation\sign_in_screen\view\sign_in_screen.dart
lib\presentation\sign_in_screen\widgets
lib\presentation\sign_up_screen\bindings\sign_up_binding.dart
lib\presentation\sign_up_screen\controller\sign_up_controller.dart
lib\presentation\sign_up_screen\models\sign_up_model.dart
lib\presentation\sign_up_screen\utils
lib\presentation\sign_up_screen\view\sign_up_screen.dart
lib\presentation\sign_up_screen\widgets
lib\presentation\splash_screen\bindings\splash_binding.dart
lib\presentation\splash_screen\controller\splash_controller.dart
lib\presentation\splash_screen\models\splash_model.dart
lib\presentation\splash_screen\utils
lib\presentation\splash_screen\view\splash_screen.dart
lib\presentation\splash_screen\widgets
lib\presentation\travel\bindings\travel_binding.dart
lib\presentation\travel\controller\travel_controller.dart
lib\presentation\travel\models\travel_model.dart
lib\presentation\travel\utils
lib\presentation\travel\view\travel_ai.dart
lib\presentation\travel\widgets
lib\presentation\verification_screen\bindings\verification_binding.dart
lib\presentation\verification_screen\controller\verification_controller.dart
lib\presentation\verification_screen\models\verification_model.dart
lib\presentation\verification_screen\utils
lib\presentation\verification_screen\view\verification_screen.dart
lib\presentation\verification_screen\widgets
lib\presentation\view_screen\bindings\view_binding.dart
lib\presentation\view_screen\controller\view_controller.dart
lib\presentation\view_screen\models\view_model.dart
lib\presentation\view_screen\utils
lib\presentation\view_screen\view\view_screen.dart
lib\presentation\view_screen\widgets
lib\presentation\welcome\bindings\pin_verification_binding.dart
lib\presentation\welcome\bindings\welcome_binding.dart
lib\presentation\welcome\controller\pin_verification_controller.dart
lib\presentation\welcome\controller\welcome_controller.dart
lib\presentation\welcome\models\welcome_model.dart
lib\presentation\welcome\utils
lib\presentation\welcome\view\welcome.dart
lib\presentation\welcome\widgets\phone_login_bottom_sheet.dart
lib\presentation\welcome\widgets\pin_verification_screen.dart
pubspec.yaml
test\widget_test.dart
